<?xml version="1.0" encoding="UTF-8"?>
<testsuite name="onboarding.ApplicationTest$Problem1Test" tests="3" skipped="0" failures="0" errors="0" timestamp="2024-11-18T07:13:13" hostname="chaehyenoteubug" time="0.029">
  <properties/>
  <testcase name="case1()" classname="onboarding.ApplicationTest$Problem1Test" time="0.027"/>
  <testcase name="case2()" classname="onboarding.ApplicationTest$Problem1Test" time="0.0"/>
  <testcase name="case3()" classname="onboarding.ApplicationTest$Problem1Test" time="0.001"/>
  <system-out><![CDATA[]]></system-out>
  <system-err><![CDATA[]]></system-err>
</testsuite>
